<?xml version="1.0" encoding="UTF-8"?>
<!-- Generated by org.testng.reporters.JUnitReportReporter -->
<testsuite hostname="GAJANANBADAGI" failures="0" tests="2" name="vTiger.OrganizationsTests.CreateNewOrganizationTest" time="29.375" errors="0" timestamp="2023-05-02T20:43:26 IST" skipped="0">
  <testcase classname="vTiger.OrganizationsTests.CreateNewOrganizationTest" name="demoOrg" time="8.248"/>
  <system-out/>
  <testcase classname="vTiger.OrganizationsTests.CreateNewOrganizationTest" name="createNewOrgTest" time="21.127"/>
  <system-out/>
</testsuite> <!-- vTiger.OrganizationsTests.CreateNewOrganizationTest -->
