<?xml version="1.0" encoding="UTF-8"?>
<!-- Generated by org.testng.reporters.JUnitReportReporter -->
<testsuite hostname="GAJANANBADAGI" failures="0" tests="1" name="vTiger.ContactsTests.CreateContactWithOrganizationTest" time="49.635" errors="0" timestamp="2023-05-02T20:36:41 IST" skipped="0">
  <testcase classname="vTiger.ContactsTests.CreateContactWithOrganizationTest" name="createContactWithOrgTest" time="49.635"/>
  <system-out/>
</testsuite> <!-- vTiger.ContactsTests.CreateContactWithOrganizationTest -->
